Build started 18-Jan-16 4:24:39 AM.
     1>Project "C:\Users\Sun\documents\visual studio 2013\Projects\AddressBook\AddressBook\AddressBook.vcxproj" on node 2 (Build target(s)).
     1>ClCompile:
         C:\Program Files (x86)\Microsoft Visual Studio 12.0\VC\bin\CL.exe /c /AI"C:\Program Files (x86)\Reference Assemblies\Microsoft\Framework\.NETFramework\v4.5\\" /AI"C:\Program Files (x86)\Windows Kits\8.1\References\CommonConfiguration\Neutral" /AI"C:\Program Files (x86)\Reference Assemblies\Microsoft\Framework\.NETFramework\v4.5\Facades\\" /Zi /clr /nologo /W3 /WX- /Od /Oy- /D WIN32 /D _DEBUG /D _UNICODE /D UNICODE /EHa /MD /GS /fp:precise /Zc:wchar_t /Zc:forScope /Fo"Debug\\" /Fd"Debug\vc120.pdb" /TP /FU"C:\Program Files (x86)\Reference Assemblies\Microsoft\Framework\.NETFramework\v4.5\mscorlib.dll" /FUC:\xampp\mysql.data.dll /FU"C:\Program Files (x86)\Reference Assemblies\Microsoft\Framework\.NETFramework\v4.5\System.Data.dll" /FU"C:\Program Files (x86)\Reference Assemblies\Microsoft\Framework\.NETFramework\v4.5\System.Data.Services.Client.dll" /FU"C:\Program Files (x86)\Reference Assemblies\Microsoft\Framework\.NETFramework\v4.5\System.Data.Services.dll" /FU"C:\Program Files (x86)\Reference Assemblies\Microsoft\Framework\.NETFramework\v4.5\System.dll" /FU"C:\Program Files (x86)\Reference Assemblies\Microsoft\Framework\.NETFramework\v4.5\System.Drawing.dll" /FU"C:\Program Files (x86)\Reference Assemblies\Microsoft\Framework\.NETFramework\v4.5\System.Windows.Forms.dll" /FU"C:\Program Files (x86)\Reference Assemblies\Microsoft\Framework\.NETFramework\v4.5\System.Xml.dll" /analyze- /errorReport:prompt /clr:nostdlib addItemForm.cpp helpForm.cpp mainForm.cpp
         addItemForm.cpp
     1>c:\users\sun\documents\visual studio 2013\projects\addressbook\addressbook\addItemForm.h(276): warning C4101: 'ex' : unreferenced local variable
         helpForm.cpp
         mainForm.cpp
     1>c:\users\sun\documents\visual studio 2013\projects\addressbook\addressbook\addItemForm.h(276): warning C4101: 'ex' : unreferenced local variable
     1>mainForm.cpp(8): warning C4829: Possibly incorrect parameters to function main. Consider 'int main(Platform::Array<Platform::String^>^ argv)'
         Generating Code...
         C:\Program Files (x86)\Microsoft Visual Studio 12.0\VC\bin\CL.exe /c /Zi /clr /nologo /W3 /WX- /Od /Oy- /D WIN32 /D _DEBUG /D _UNICODE /D UNICODE /EHa /MD /GS /fp:precise /Zc:wchar_t /Zc:forScope /Fo"Debug\\" /Fd"Debug\vc120.pdb" /TP /analyze- /errorReport:prompt "C:\Users\Sun\AppData\Local\Temp\.NETFramework,Version=v4.5.AssemblyAttributes.cpp"
         .NETFramework,Version=v4.5.AssemblyAttributes.cpp
       Link:
         C:\Program Files (x86)\Microsoft Visual Studio 12.0\VC\bin\link.exe /ERRORREPORT:PROMPT /OUT:"C:\Users\Sun\documents\visual studio 2013\Projects\AddressBook\Debug\AddressBook.exe" /INCREMENTAL /NOLOGO /ASSEMBLYRESOURCE:Debug\AddressBook.addItemForm.resources /ASSEMBLYRESOURCE:Debug\AddressBook.helpForm.resources /ASSEMBLYRESOURCE:Debug\AddressBook.mainForm.resources /MANIFEST /MANIFESTUAC:"level='asInvoker' uiAccess='false'" /manifest:embed /DEBUG /PDB:"C:\Users\Sun\documents\visual studio 2013\Projects\AddressBook\Debug\AddressBook.pdb" /ASSEMBLYDEBUG /SUBSYSTEM:WINDOWS /TLBID:1 /ENTRY:"main" /DYNAMICBASE /FIXED:NO /NXCOMPAT /MACHINE:X86 Debug\addItemForm.obj
         Debug\helpForm.obj
         Debug\mainForm.obj
         "Debug\.NETFramework,Version=v4.5.AssemblyAttributes.obj"
         AddressBook.vcxproj -> C:\Users\Sun\documents\visual studio 2013\Projects\AddressBook\Debug\AddressBook.exe
     1>Done Building Project "C:\Users\Sun\documents\visual studio 2013\Projects\AddressBook\AddressBook\AddressBook.vcxproj" (Build target(s)).

Build succeeded.

Time Elapsed 00:00:03.43
